Building DAG of jobs...
Using shell: /bin/bash
Provided cores: 1 (use --cores to define parallelism)
Rules claiming more threads will be scaled down.
Job stats:
job                                                  count    min threads    max threads
-------------------------------------------------  -------  -------------  -------------
xebec_all                                                1              1              1
xebec_calculate_alpha_div_effect_sizes                   5              1              1
xebec_calculate_alpha_div_pairwise_effect_sizes          5              1              1
xebec_calculate_beta_div_effect_sizes                    6              1              1
xebec_calculate_beta_div_pairwise_effect_sizes           6              1              1
xebec_concatenate_alpha_div_effect_sizes                 1              1              1
xebec_concatenate_alpha_div_pairwise_effect_sizes        1              1              1
xebec_concatenate_beta_div_effect_sizes                  1              1              1
xebec_concatenate_beta_div_pairwise_effect_sizes         1              1              1
xebec_filter_metadata                                    1              1              1
xebec_non_phylo_alpha_div                                4              1              1
xebec_non_phylo_beta_div                                 2              1              1
xebec_phylo_alpha_div                                    1              1              1
xebec_phylo_beta_div                                     2              1              1
xebec_phylo_rpca                                         1              1              1
xebec_plot_effect_sizes                                  2              1              1
xebec_plot_pairwise_effect_sizes                         2              1              1
xebec_rarefy                                             1              1              1
xebec_rpca                                               1              1              1
total                                                   44              1              1

Select jobs to execute...

[Sat Nov  2 19:43:59 2024]
rule xebec_rpca:
    input: /Users/yac027/Acne_Longitudinal_Microbiome/Data/16S/Tables/16S_V1-V3_173960_otu_table.biom
    output: results/beta_div/non_phylo/rpca/distance-matrix.tsv, results/beta_div/non_phylo/rpca/ordination.txt
    log: logs/rpca.log
    jobid: 29
    reason: Missing output files: results/beta_div/non_phylo/rpca/distance-matrix.tsv
    resources: tmpdir=/var/folders/gg/tjf8z7kd7351mxr7fbw1s6j00000gp/T

[Sat Nov  2 19:44:06 2024]
Finished job 29.
1 of 44 steps (2%) done
Select jobs to execute...

[Sat Nov  2 19:44:06 2024]
rule xebec_phylo_rpca:
    input: /Users/yac027/Acne_Longitudinal_Microbiome/Data/16S/Tables/16S_V1-V3_173960_otu_table.biom, /Users/yac027/Acne_Longitudinal_Microbiome/Data/16S/Trees/16S_V1-V3_173980_insertion_tree.relabelled.nwk
    output: results/beta_div/phylo/phylo_rpca/distance-matrix.tsv, results/beta_div/phylo/phylo_rpca/ordination.txt
    log: logs/phylo_rpca.log
    jobid: 35
    reason: Missing output files: results/beta_div/phylo/phylo_rpca/distance-matrix.tsv
    resources: tmpdir=/var/folders/gg/tjf8z7kd7351mxr7fbw1s6j00000gp/T

[Sat Nov  2 19:44:33 2024]
Finished job 35.
2 of 44 steps (5%) done
Select jobs to execute...

[Sat Nov  2 19:44:33 2024]
rule xebec_filter_metadata:
    input: /Users/yac027/Acne_Longitudinal_Microbiome/Metadata/16S_V1-V3_sample_information_from_prep_14785.tsv, /Users/yac027/Acne_Longitudinal_Microbiome/Data/16S/Tables/16S_V1-V3_173960_otu_table.biom
    output: results/filtered_metadata.tsv
    log: logs/filter_metadata.log
    jobid: 4
    reason: Missing output files: results/filtered_metadata.tsv
    resources: tmpdir=/var/folders/gg/tjf8z7kd7351mxr7fbw1s6j00000gp/T

[Sat Nov  2 19:44:34 2024]
Finished job 4.
3 of 44 steps (7%) done
Select jobs to execute...

[Sat Nov  2 19:44:34 2024]
rule xebec_calculate_beta_div_pairwise_effect_sizes:
    input: results/filtered_metadata.tsv, results/beta_div/non_phylo/rpca/distance-matrix.tsv
    output: results/beta_div/non_phylo/rpca/pairwise_effect_sizes.tsv
    log: logs/calculate_beta_div_pairwise_effect_sizes.non_phylo.rpca.log
    jobid: 40
    reason: Missing output files: results/beta_div/non_phylo/rpca/pairwise_effect_sizes.tsv; Input files updated by another job: results/beta_div/non_phylo/rpca/distance-matrix.tsv, results/filtered_metadata.tsv
    wildcards: is_phylo=non_phylo, beta_div_metric=rpca
    resources: tmpdir=/var/folders/gg/tjf8z7kd7351mxr7fbw1s6j00000gp/T

[Sat Nov  2 19:44:36 2024]
Finished job 40.
4 of 44 steps (9%) done
Select jobs to execute...

[Sat Nov  2 19:44:36 2024]
rule xebec_calculate_beta_div_effect_sizes:
    input: results/filtered_metadata.tsv, results/beta_div/non_phylo/rpca/distance-matrix.tsv
    output: results/beta_div/non_phylo/rpca/effect_sizes.tsv
    log: logs/calculate_beta_div_effect_sizes.non_phylo.rpca.log
    jobid: 28
    reason: Missing output files: results/beta_div/non_phylo/rpca/effect_sizes.tsv; Input files updated by another job: results/beta_div/non_phylo/rpca/distance-matrix.tsv, results/filtered_metadata.tsv
    wildcards: is_phylo=non_phylo, beta_div_metric=rpca
    resources: tmpdir=/var/folders/gg/tjf8z7kd7351mxr7fbw1s6j00000gp/T

[Sat Nov  2 19:44:38 2024]
Finished job 28.
5 of 44 steps (11%) done
Select jobs to execute...

[Sat Nov  2 19:44:38 2024]
rule xebec_calculate_beta_div_effect_sizes:
    input: results/filtered_metadata.tsv, results/beta_div/phylo/phylo_rpca/distance-matrix.tsv
    output: results/beta_div/phylo/phylo_rpca/effect_sizes.tsv
    log: logs/calculate_beta_div_effect_sizes.phylo.phylo_rpca.log
    jobid: 34
    reason: Missing output files: results/beta_div/phylo/phylo_rpca/effect_sizes.tsv; Input files updated by another job: results/filtered_metadata.tsv, results/beta_div/phylo/phylo_rpca/distance-matrix.tsv
    wildcards: is_phylo=phylo, beta_div_metric=phylo_rpca
    resources: tmpdir=/var/folders/gg/tjf8z7kd7351mxr7fbw1s6j00000gp/T

[Sat Nov  2 19:44:40 2024]
Finished job 34.
6 of 44 steps (14%) done
Select jobs to execute...

[Sat Nov  2 19:44:40 2024]
rule xebec_calculate_beta_div_pairwise_effect_sizes:
    input: results/filtered_metadata.tsv, results/beta_div/phylo/phylo_rpca/distance-matrix.tsv
    output: results/beta_div/phylo/phylo_rpca/pairwise_effect_sizes.tsv
    log: logs/calculate_beta_div_pairwise_effect_sizes.phylo.phylo_rpca.log
    jobid: 43
    reason: Missing output files: results/beta_div/phylo/phylo_rpca/pairwise_effect_sizes.tsv; Input files updated by another job: results/filtered_metadata.tsv, results/beta_div/phylo/phylo_rpca/distance-matrix.tsv
    wildcards: is_phylo=phylo, beta_div_metric=phylo_rpca
    resources: tmpdir=/var/folders/gg/tjf8z7kd7351mxr7fbw1s6j00000gp/T

[Sat Nov  2 19:44:42 2024]
Finished job 43.
7 of 44 steps (16%) done
Select jobs to execute...

[Sat Nov  2 19:44:42 2024]
rule xebec_rarefy:
    input: /Users/yac027/Acne_Longitudinal_Microbiome/Data/16S/Tables/16S_V1-V3_173960_otu_table.biom
    output: results/rarefied_table.biom
    log: logs/rarefy.log
    jobid: 6
    reason: Missing output files: results/rarefied_table.biom
    resources: tmpdir=/var/folders/gg/tjf8z7kd7351mxr7fbw1s6j00000gp/T

[Sat Nov  2 19:44:44 2024]
Finished job 6.
8 of 44 steps (18%) done
Select jobs to execute...

[Sat Nov  2 19:44:44 2024]
rule xebec_phylo_alpha_div:
    input: results/rarefied_table.biom, /Users/yac027/Acne_Longitudinal_Microbiome/Data/16S/Trees/16S_V1-V3_173980_insertion_tree.relabelled.nwk
    output: results/alpha_div/phylo/faith_pd/vector.tsv
    log: logs/faith_pd.log
    jobid: 14
    reason: Missing output files: results/alpha_div/phylo/faith_pd/vector.tsv; Input files updated by another job: results/rarefied_table.biom
    wildcards: alpha_div_metric=faith_pd
    resources: tmpdir=/var/folders/gg/tjf8z7kd7351mxr7fbw1s6j00000gp/T

[Sat Nov  2 19:44:58 2024]
Finished job 14.
9 of 44 steps (20%) done
Select jobs to execute...

[Sat Nov  2 19:44:58 2024]
rule xebec_non_phylo_alpha_div:
    input: results/rarefied_table.biom
    output: results/alpha_div/non_phylo/chao1/vector.tsv
    log: logs/chao1.log
    jobid: 12
    reason: Missing output files: results/alpha_div/non_phylo/chao1/vector.tsv; Input files updated by another job: results/rarefied_table.biom
    wildcards: alpha_div_metric=chao1
    resources: tmpdir=/var/folders/gg/tjf8z7kd7351mxr7fbw1s6j00000gp/T

[Sat Nov  2 19:44:59 2024]
Finished job 12.
10 of 44 steps (23%) done
Select jobs to execute...

[Sat Nov  2 19:44:59 2024]
rule xebec_non_phylo_alpha_div:
    input: results/rarefied_table.biom
    output: results/alpha_div/non_phylo/shannon/vector.tsv
    log: logs/shannon.log
    jobid: 8
    reason: Missing output files: results/alpha_div/non_phylo/shannon/vector.tsv; Input files updated by another job: results/rarefied_table.biom
    wildcards: alpha_div_metric=shannon
    resources: tmpdir=/var/folders/gg/tjf8z7kd7351mxr7fbw1s6j00000gp/T

[Sat Nov  2 19:45:01 2024]
Finished job 8.
11 of 44 steps (25%) done
Select jobs to execute...

[Sat Nov  2 19:45:01 2024]
rule xebec_phylo_beta_div:
    input: results/rarefied_table.biom, /Users/yac027/Acne_Longitudinal_Microbiome/Data/16S/Trees/16S_V1-V3_173980_insertion_tree.relabelled.nwk
    output: results/beta_div/phylo/weighted_normalized_unifrac/distance-matrix.tsv
    log: logs/weighted_normalized_unifrac.log
    jobid: 33
    reason: Missing output files: results/beta_div/phylo/weighted_normalized_unifrac/distance-matrix.tsv; Input files updated by another job: results/rarefied_table.biom
    wildcards: beta_div_metric=weighted_normalized_unifrac
    resources: tmpdir=/var/folders/gg/tjf8z7kd7351mxr7fbw1s6j00000gp/T

[Sat Nov  2 19:45:02 2024]
Finished job 33.
12 of 44 steps (27%) done
Select jobs to execute...

[Sat Nov  2 19:45:02 2024]
rule xebec_calculate_alpha_div_effect_sizes:
    input: results/filtered_metadata.tsv, results/alpha_div/phylo/faith_pd/vector.tsv
    output: results/alpha_div/phylo/faith_pd/effect_sizes.tsv
    log: logs/calculate_alpha_div_effect_sizes.phylo.faith_pd.log
    jobid: 13
    reason: Missing output files: results/alpha_div/phylo/faith_pd/effect_sizes.tsv; Input files updated by another job: results/filtered_metadata.tsv, results/alpha_div/phylo/faith_pd/vector.tsv
    wildcards: is_phylo=phylo, alpha_div_metric=faith_pd
    resources: tmpdir=/var/folders/gg/tjf8z7kd7351mxr7fbw1s6j00000gp/T

[Sat Nov  2 19:45:04 2024]
Finished job 13.
13 of 44 steps (30%) done
Select jobs to execute...

[Sat Nov  2 19:45:04 2024]
rule xebec_calculate_alpha_div_pairwise_effect_sizes:
    input: results/filtered_metadata.tsv, results/alpha_div/non_phylo/chao1/vector.tsv
    output: results/alpha_div/non_phylo/chao1/pairwise_effect_sizes.tsv
    log: logs/calculate_alpha_div_pairwise_effect_sizes.non_phylo.chao1.log
    jobid: 20
    reason: Missing output files: results/alpha_div/non_phylo/chao1/pairwise_effect_sizes.tsv; Input files updated by another job: results/filtered_metadata.tsv, results/alpha_div/non_phylo/chao1/vector.tsv
    wildcards: is_phylo=non_phylo, alpha_div_metric=chao1
    resources: tmpdir=/var/folders/gg/tjf8z7kd7351mxr7fbw1s6j00000gp/T

[Sat Nov  2 19:45:06 2024]
Finished job 20.
14 of 44 steps (32%) done
Select jobs to execute...

[Sat Nov  2 19:45:06 2024]
rule xebec_non_phylo_alpha_div:
    input: results/rarefied_table.biom
    output: results/alpha_div/non_phylo/pielou_e/vector.tsv
    log: logs/pielou_e.log
    jobid: 10
    reason: Missing output files: results/alpha_div/non_phylo/pielou_e/vector.tsv; Input files updated by another job: results/rarefied_table.biom
    wildcards: alpha_div_metric=pielou_e
    resources: tmpdir=/var/folders/gg/tjf8z7kd7351mxr7fbw1s6j00000gp/T

[Sat Nov  2 19:45:08 2024]
Finished job 10.
15 of 44 steps (34%) done
Select jobs to execute...

[Sat Nov  2 19:45:08 2024]
rule xebec_calculate_alpha_div_effect_sizes:
    input: results/filtered_metadata.tsv, results/alpha_div/non_phylo/chao1/vector.tsv
    output: results/alpha_div/non_phylo/chao1/effect_sizes.tsv
    log: logs/calculate_alpha_div_effect_sizes.non_phylo.chao1.log
    jobid: 11
    reason: Missing output files: results/alpha_div/non_phylo/chao1/effect_sizes.tsv; Input files updated by another job: results/filtered_metadata.tsv, results/alpha_div/non_phylo/chao1/vector.tsv
    wildcards: is_phylo=non_phylo, alpha_div_metric=chao1
    resources: tmpdir=/var/folders/gg/tjf8z7kd7351mxr7fbw1s6j00000gp/T

[Sat Nov  2 19:45:10 2024]
Finished job 11.
16 of 44 steps (36%) done
Select jobs to execute...

[Sat Nov  2 19:45:10 2024]
rule xebec_non_phylo_beta_div:
    input: results/rarefied_table.biom
    output: results/beta_div/non_phylo/jaccard/distance-matrix.tsv
    log: logs/jaccard.log
    jobid: 27
    reason: Missing output files: results/beta_div/non_phylo/jaccard/distance-matrix.tsv; Input files updated by another job: results/rarefied_table.biom
    wildcards: beta_div_metric=jaccard
    resources: tmpdir=/var/folders/gg/tjf8z7kd7351mxr7fbw1s6j00000gp/T

[Sat Nov  2 19:45:12 2024]
Finished job 27.
17 of 44 steps (39%) done
Select jobs to execute...

[Sat Nov  2 19:45:12 2024]
rule xebec_calculate_beta_div_pairwise_effect_sizes:
    input: results/filtered_metadata.tsv, results/beta_div/non_phylo/jaccard/distance-matrix.tsv
    output: results/beta_div/non_phylo/jaccard/pairwise_effect_sizes.tsv
    log: logs/calculate_beta_div_pairwise_effect_sizes.non_phylo.jaccard.log
    jobid: 39
    reason: Missing output files: results/beta_div/non_phylo/jaccard/pairwise_effect_sizes.tsv; Input files updated by another job: results/filtered_metadata.tsv, results/beta_div/non_phylo/jaccard/distance-matrix.tsv
    wildcards: is_phylo=non_phylo, beta_div_metric=jaccard
    resources: tmpdir=/var/folders/gg/tjf8z7kd7351mxr7fbw1s6j00000gp/T

[Sat Nov  2 19:45:14 2024]
Finished job 39.
18 of 44 steps (41%) done
Select jobs to execute...

[Sat Nov  2 19:45:14 2024]
rule xebec_calculate_beta_div_effect_sizes:
    input: results/filtered_metadata.tsv, results/beta_div/non_phylo/jaccard/distance-matrix.tsv
    output: results/beta_div/non_phylo/jaccard/effect_sizes.tsv
    log: logs/calculate_beta_div_effect_sizes.non_phylo.jaccard.log
    jobid: 26
    reason: Missing output files: results/beta_div/non_phylo/jaccard/effect_sizes.tsv; Input files updated by another job: results/filtered_metadata.tsv, results/beta_div/non_phylo/jaccard/distance-matrix.tsv
    wildcards: is_phylo=non_phylo, beta_div_metric=jaccard
    resources: tmpdir=/var/folders/gg/tjf8z7kd7351mxr7fbw1s6j00000gp/T

[Sat Nov  2 19:45:17 2024]
Finished job 26.
19 of 44 steps (43%) done
Select jobs to execute...

[Sat Nov  2 19:45:17 2024]
rule xebec_calculate_beta_div_pairwise_effect_sizes:
    input: results/filtered_metadata.tsv, results/beta_div/phylo/weighted_normalized_unifrac/distance-matrix.tsv
    output: results/beta_div/phylo/weighted_normalized_unifrac/pairwise_effect_sizes.tsv
    log: logs/calculate_beta_div_pairwise_effect_sizes.phylo.weighted_normalized_unifrac.log
    jobid: 42
    reason: Missing output files: results/beta_div/phylo/weighted_normalized_unifrac/pairwise_effect_sizes.tsv; Input files updated by another job: results/filtered_metadata.tsv, results/beta_div/phylo/weighted_normalized_unifrac/distance-matrix.tsv
    wildcards: is_phylo=phylo, beta_div_metric=weighted_normalized_unifrac
    resources: tmpdir=/var/folders/gg/tjf8z7kd7351mxr7fbw1s6j00000gp/T

[Sat Nov  2 19:45:19 2024]
Finished job 42.
20 of 44 steps (45%) done
Select jobs to execute...

[Sat Nov  2 19:45:19 2024]
rule xebec_non_phylo_beta_div:
    input: results/rarefied_table.biom
    output: results/beta_div/non_phylo/braycurtis/distance-matrix.tsv
    log: logs/braycurtis.log
    jobid: 25
    reason: Missing output files: results/beta_div/non_phylo/braycurtis/distance-matrix.tsv; Input files updated by another job: results/rarefied_table.biom
    wildcards: beta_div_metric=braycurtis
    resources: tmpdir=/var/folders/gg/tjf8z7kd7351mxr7fbw1s6j00000gp/T

[Sat Nov  2 19:45:21 2024]
Finished job 25.
21 of 44 steps (48%) done
Select jobs to execute...

[Sat Nov  2 19:45:21 2024]
rule xebec_calculate_beta_div_pairwise_effect_sizes:
    input: results/filtered_metadata.tsv, results/beta_div/non_phylo/braycurtis/distance-matrix.tsv
    output: results/beta_div/non_phylo/braycurtis/pairwise_effect_sizes.tsv
    log: logs/calculate_beta_div_pairwise_effect_sizes.non_phylo.braycurtis.log
    jobid: 38
    reason: Missing output files: results/beta_div/non_phylo/braycurtis/pairwise_effect_sizes.tsv; Input files updated by another job: results/filtered_metadata.tsv, results/beta_div/non_phylo/braycurtis/distance-matrix.tsv
    wildcards: is_phylo=non_phylo, beta_div_metric=braycurtis
    resources: tmpdir=/var/folders/gg/tjf8z7kd7351mxr7fbw1s6j00000gp/T

[Sat Nov  2 19:45:23 2024]
Finished job 38.
22 of 44 steps (50%) done
Select jobs to execute...

[Sat Nov  2 19:45:23 2024]
rule xebec_calculate_beta_div_effect_sizes:
    input: results/filtered_metadata.tsv, results/beta_div/non_phylo/braycurtis/distance-matrix.tsv
    output: results/beta_div/non_phylo/braycurtis/effect_sizes.tsv
    log: logs/calculate_beta_div_effect_sizes.non_phylo.braycurtis.log
    jobid: 24
    reason: Missing output files: results/beta_div/non_phylo/braycurtis/effect_sizes.tsv; Input files updated by another job: results/filtered_metadata.tsv, results/beta_div/non_phylo/braycurtis/distance-matrix.tsv
    wildcards: is_phylo=non_phylo, beta_div_metric=braycurtis
    resources: tmpdir=/var/folders/gg/tjf8z7kd7351mxr7fbw1s6j00000gp/T

[Sat Nov  2 19:45:25 2024]
Finished job 24.
23 of 44 steps (52%) done
Select jobs to execute...

[Sat Nov  2 19:45:25 2024]
rule xebec_calculate_alpha_div_effect_sizes:
    input: results/filtered_metadata.tsv, results/alpha_div/non_phylo/shannon/vector.tsv
    output: results/alpha_div/non_phylo/shannon/effect_sizes.tsv
    log: logs/calculate_alpha_div_effect_sizes.non_phylo.shannon.log
    jobid: 7
    reason: Missing output files: results/alpha_div/non_phylo/shannon/effect_sizes.tsv; Input files updated by another job: results/filtered_metadata.tsv, results/alpha_div/non_phylo/shannon/vector.tsv
    wildcards: is_phylo=non_phylo, alpha_div_metric=shannon
    resources: tmpdir=/var/folders/gg/tjf8z7kd7351mxr7fbw1s6j00000gp/T

[Sat Nov  2 19:45:27 2024]
Finished job 7.
24 of 44 steps (55%) done
Select jobs to execute...

[Sat Nov  2 19:45:27 2024]
rule xebec_calculate_alpha_div_effect_sizes:
    input: results/filtered_metadata.tsv, results/alpha_div/non_phylo/pielou_e/vector.tsv
    output: results/alpha_div/non_phylo/pielou_e/effect_sizes.tsv
    log: logs/calculate_alpha_div_effect_sizes.non_phylo.pielou_e.log
    jobid: 9
    reason: Missing output files: results/alpha_div/non_phylo/pielou_e/effect_sizes.tsv; Input files updated by another job: results/filtered_metadata.tsv, results/alpha_div/non_phylo/pielou_e/vector.tsv
    wildcards: is_phylo=non_phylo, alpha_div_metric=pielou_e
    resources: tmpdir=/var/folders/gg/tjf8z7kd7351mxr7fbw1s6j00000gp/T

[Sat Nov  2 19:45:29 2024]
Finished job 9.
25 of 44 steps (57%) done
Select jobs to execute...

[Sat Nov  2 19:45:29 2024]
rule xebec_calculate_alpha_div_pairwise_effect_sizes:
    input: results/filtered_metadata.tsv, results/alpha_div/phylo/faith_pd/vector.tsv
    output: results/alpha_div/phylo/faith_pd/pairwise_effect_sizes.tsv
    log: logs/calculate_alpha_div_pairwise_effect_sizes.phylo.faith_pd.log
    jobid: 21
    reason: Missing output files: results/alpha_div/phylo/faith_pd/pairwise_effect_sizes.tsv; Input files updated by another job: results/filtered_metadata.tsv, results/alpha_div/phylo/faith_pd/vector.tsv
    wildcards: is_phylo=phylo, alpha_div_metric=faith_pd
    resources: tmpdir=/var/folders/gg/tjf8z7kd7351mxr7fbw1s6j00000gp/T

[Sat Nov  2 19:45:31 2024]
Finished job 21.
26 of 44 steps (59%) done
Select jobs to execute...

[Sat Nov  2 19:45:31 2024]
rule xebec_calculate_beta_div_effect_sizes:
    input: results/filtered_metadata.tsv, results/beta_div/phylo/weighted_normalized_unifrac/distance-matrix.tsv
    output: results/beta_div/phylo/weighted_normalized_unifrac/effect_sizes.tsv
    log: logs/calculate_beta_div_effect_sizes.phylo.weighted_normalized_unifrac.log
    jobid: 32
    reason: Missing output files: results/beta_div/phylo/weighted_normalized_unifrac/effect_sizes.tsv; Input files updated by another job: results/filtered_metadata.tsv, results/beta_div/phylo/weighted_normalized_unifrac/distance-matrix.tsv
    wildcards: is_phylo=phylo, beta_div_metric=weighted_normalized_unifrac
    resources: tmpdir=/var/folders/gg/tjf8z7kd7351mxr7fbw1s6j00000gp/T

[Sat Nov  2 19:45:33 2024]
Finished job 32.
27 of 44 steps (61%) done
Select jobs to execute...

[Sat Nov  2 19:45:33 2024]
rule xebec_calculate_alpha_div_pairwise_effect_sizes:
    input: results/filtered_metadata.tsv, results/alpha_div/non_phylo/pielou_e/vector.tsv
    output: results/alpha_div/non_phylo/pielou_e/pairwise_effect_sizes.tsv
    log: logs/calculate_alpha_div_pairwise_effect_sizes.non_phylo.pielou_e.log
    jobid: 19
    reason: Missing output files: results/alpha_div/non_phylo/pielou_e/pairwise_effect_sizes.tsv; Input files updated by another job: results/filtered_metadata.tsv, results/alpha_div/non_phylo/pielou_e/vector.tsv
    wildcards: is_phylo=non_phylo, alpha_div_metric=pielou_e
    resources: tmpdir=/var/folders/gg/tjf8z7kd7351mxr7fbw1s6j00000gp/T

[Sat Nov  2 19:45:35 2024]
Finished job 19.
28 of 44 steps (64%) done
Select jobs to execute...

[Sat Nov  2 19:45:35 2024]
rule xebec_calculate_alpha_div_pairwise_effect_sizes:
    input: results/filtered_metadata.tsv, results/alpha_div/non_phylo/shannon/vector.tsv
    output: results/alpha_div/non_phylo/shannon/pairwise_effect_sizes.tsv
    log: logs/calculate_alpha_div_pairwise_effect_sizes.non_phylo.shannon.log
    jobid: 18
    reason: Missing output files: results/alpha_div/non_phylo/shannon/pairwise_effect_sizes.tsv; Input files updated by another job: results/filtered_metadata.tsv, results/alpha_div/non_phylo/shannon/vector.tsv
    wildcards: is_phylo=non_phylo, alpha_div_metric=shannon
    resources: tmpdir=/var/folders/gg/tjf8z7kd7351mxr7fbw1s6j00000gp/T

[Sat Nov  2 19:45:37 2024]
Finished job 18.
29 of 44 steps (66%) done
Select jobs to execute...

[Sat Nov  2 19:45:37 2024]
rule xebec_phylo_beta_div:
    input: results/rarefied_table.biom, /Users/yac027/Acne_Longitudinal_Microbiome/Data/16S/Trees/16S_V1-V3_173980_insertion_tree.relabelled.nwk
    output: results/beta_div/phylo/unweighted_unifrac/distance-matrix.tsv
    log: logs/unweighted_unifrac.log
    jobid: 31
    reason: Missing output files: results/beta_div/phylo/unweighted_unifrac/distance-matrix.tsv; Input files updated by another job: results/rarefied_table.biom
    wildcards: beta_div_metric=unweighted_unifrac
    resources: tmpdir=/var/folders/gg/tjf8z7kd7351mxr7fbw1s6j00000gp/T

[Sat Nov  2 19:45:38 2024]
Finished job 31.
30 of 44 steps (68%) done
Select jobs to execute...

[Sat Nov  2 19:45:38 2024]
rule xebec_calculate_beta_div_pairwise_effect_sizes:
    input: results/filtered_metadata.tsv, results/beta_div/phylo/unweighted_unifrac/distance-matrix.tsv
    output: results/beta_div/phylo/unweighted_unifrac/pairwise_effect_sizes.tsv
    log: logs/calculate_beta_div_pairwise_effect_sizes.phylo.unweighted_unifrac.log
    jobid: 41
    reason: Missing output files: results/beta_div/phylo/unweighted_unifrac/pairwise_effect_sizes.tsv; Input files updated by another job: results/filtered_metadata.tsv, results/beta_div/phylo/unweighted_unifrac/distance-matrix.tsv
    wildcards: is_phylo=phylo, beta_div_metric=unweighted_unifrac
    resources: tmpdir=/var/folders/gg/tjf8z7kd7351mxr7fbw1s6j00000gp/T

[Sat Nov  2 19:45:40 2024]
Finished job 41.
31 of 44 steps (70%) done
Select jobs to execute...

[Sat Nov  2 19:45:40 2024]
rule xebec_non_phylo_alpha_div:
    input: results/rarefied_table.biom
    output: results/alpha_div/non_phylo/observed_otus/vector.tsv
    log: logs/observed_otus.log
    jobid: 5
    reason: Missing output files: results/alpha_div/non_phylo/observed_otus/vector.tsv; Input files updated by another job: results/rarefied_table.biom
    wildcards: alpha_div_metric=observed_otus
    resources: tmpdir=/var/folders/gg/tjf8z7kd7351mxr7fbw1s6j00000gp/T

[Sat Nov  2 19:45:41 2024]
Finished job 5.
32 of 44 steps (73%) done
Select jobs to execute...

[Sat Nov  2 19:45:41 2024]
rule xebec_calculate_alpha_div_effect_sizes:
    input: results/filtered_metadata.tsv, results/alpha_div/non_phylo/observed_otus/vector.tsv
    output: results/alpha_div/non_phylo/observed_otus/effect_sizes.tsv
    log: logs/calculate_alpha_div_effect_sizes.non_phylo.observed_otus.log
    jobid: 3
    reason: Missing output files: results/alpha_div/non_phylo/observed_otus/effect_sizes.tsv; Input files updated by another job: results/filtered_metadata.tsv, results/alpha_div/non_phylo/observed_otus/vector.tsv
    wildcards: is_phylo=non_phylo, alpha_div_metric=observed_otus
    resources: tmpdir=/var/folders/gg/tjf8z7kd7351mxr7fbw1s6j00000gp/T

[Sat Nov  2 19:45:43 2024]
Finished job 3.
33 of 44 steps (75%) done
Select jobs to execute...

[Sat Nov  2 19:45:44 2024]
rule xebec_calculate_alpha_div_pairwise_effect_sizes:
    input: results/filtered_metadata.tsv, results/alpha_div/non_phylo/observed_otus/vector.tsv
    output: results/alpha_div/non_phylo/observed_otus/pairwise_effect_sizes.tsv
    log: logs/calculate_alpha_div_pairwise_effect_sizes.non_phylo.observed_otus.log
    jobid: 17
    reason: Missing output files: results/alpha_div/non_phylo/observed_otus/pairwise_effect_sizes.tsv; Input files updated by another job: results/filtered_metadata.tsv, results/alpha_div/non_phylo/observed_otus/vector.tsv
    wildcards: is_phylo=non_phylo, alpha_div_metric=observed_otus
    resources: tmpdir=/var/folders/gg/tjf8z7kd7351mxr7fbw1s6j00000gp/T

[Sat Nov  2 19:45:45 2024]
Finished job 17.
34 of 44 steps (77%) done
Select jobs to execute...

[Sat Nov  2 19:45:45 2024]
rule xebec_concatenate_alpha_div_pairwise_effect_sizes:
    input: results/alpha_div/non_phylo/observed_otus/pairwise_effect_sizes.tsv, results/alpha_div/non_phylo/shannon/pairwise_effect_sizes.tsv, results/alpha_div/non_phylo/pielou_e/pairwise_effect_sizes.tsv, results/alpha_div/non_phylo/chao1/pairwise_effect_sizes.tsv, results/alpha_div/phylo/faith_pd/pairwise_effect_sizes.tsv
    output: results/alpha_div/all_metrics_pairwise_effect_sizes.tsv
    log: logs/concatenate_alpha_div_pairwise_effect_sizes.log
    jobid: 16
    reason: Missing output files: results/alpha_div/all_metrics_pairwise_effect_sizes.tsv; Input files updated by another job: results/alpha_div/non_phylo/chao1/pairwise_effect_sizes.tsv, results/alpha_div/non_phylo/pielou_e/pairwise_effect_sizes.tsv, results/alpha_div/phylo/faith_pd/pairwise_effect_sizes.tsv, results/alpha_div/non_phylo/shannon/pairwise_effect_sizes.tsv, results/alpha_div/non_phylo/observed_otus/pairwise_effect_sizes.tsv
    resources: tmpdir=/var/folders/gg/tjf8z7kd7351mxr7fbw1s6j00000gp/T

[Sat Nov  2 19:45:46 2024]
Finished job 16.
35 of 44 steps (80%) done
Select jobs to execute...

[Sat Nov  2 19:45:46 2024]
rule xebec_plot_pairwise_effect_sizes:
    input: results/alpha_div/all_metrics_pairwise_effect_sizes.tsv
    output: results/alpha_div/pairwise_effect_size_plot.html
    log: logs/plot_alpha_div_pairwise_effect_sizes.log
    jobid: 15
    reason: Missing output files: results/alpha_div/pairwise_effect_size_plot.html; Input files updated by another job: results/alpha_div/all_metrics_pairwise_effect_sizes.tsv
    wildcards: diversity_type=alpha_div
    resources: tmpdir=/var/folders/gg/tjf8z7kd7351mxr7fbw1s6j00000gp/T

[Sat Nov  2 19:45:48 2024]
Finished job 15.
36 of 44 steps (82%) done
Select jobs to execute...

[Sat Nov  2 19:45:48 2024]
rule xebec_concatenate_alpha_div_effect_sizes:
    input: results/alpha_div/non_phylo/observed_otus/effect_sizes.tsv, results/alpha_div/non_phylo/shannon/effect_sizes.tsv, results/alpha_div/non_phylo/pielou_e/effect_sizes.tsv, results/alpha_div/non_phylo/chao1/effect_sizes.tsv, results/alpha_div/phylo/faith_pd/effect_sizes.tsv
    output: results/alpha_div/all_metrics_effect_sizes.tsv
    log: logs/concatenate_alpha_div_effect_sizes.log
    jobid: 2
    reason: Missing output files: results/alpha_div/all_metrics_effect_sizes.tsv; Input files updated by another job: results/alpha_div/non_phylo/shannon/effect_sizes.tsv, results/alpha_div/phylo/faith_pd/effect_sizes.tsv, results/alpha_div/non_phylo/pielou_e/effect_sizes.tsv, results/alpha_div/non_phylo/observed_otus/effect_sizes.tsv, results/alpha_div/non_phylo/chao1/effect_sizes.tsv
    resources: tmpdir=/var/folders/gg/tjf8z7kd7351mxr7fbw1s6j00000gp/T

[Sat Nov  2 19:45:49 2024]
Finished job 2.
37 of 44 steps (84%) done
Select jobs to execute...

[Sat Nov  2 19:45:49 2024]
rule xebec_plot_effect_sizes:
    input: results/alpha_div/all_metrics_effect_sizes.tsv
    output: results/alpha_div/effect_size_plot.html
    log: logs/plot_alpha_div_effect_sizes.log
    jobid: 1
    reason: Missing output files: results/alpha_div/effect_size_plot.html; Input files updated by another job: results/alpha_div/all_metrics_effect_sizes.tsv
    wildcards: diversity_type=alpha_div
    resources: tmpdir=/var/folders/gg/tjf8z7kd7351mxr7fbw1s6j00000gp/T

[Sat Nov  2 19:45:52 2024]
Finished job 1.
38 of 44 steps (86%) done
Select jobs to execute...

[Sat Nov  2 19:45:52 2024]
rule xebec_calculate_beta_div_effect_sizes:
    input: results/filtered_metadata.tsv, results/beta_div/phylo/unweighted_unifrac/distance-matrix.tsv
    output: results/beta_div/phylo/unweighted_unifrac/effect_sizes.tsv
    log: logs/calculate_beta_div_effect_sizes.phylo.unweighted_unifrac.log
    jobid: 30
    reason: Missing output files: results/beta_div/phylo/unweighted_unifrac/effect_sizes.tsv; Input files updated by another job: results/filtered_metadata.tsv, results/beta_div/phylo/unweighted_unifrac/distance-matrix.tsv
    wildcards: is_phylo=phylo, beta_div_metric=unweighted_unifrac
    resources: tmpdir=/var/folders/gg/tjf8z7kd7351mxr7fbw1s6j00000gp/T

[Sat Nov  2 19:45:54 2024]
Finished job 30.
39 of 44 steps (89%) done
Select jobs to execute...

[Sat Nov  2 19:45:54 2024]
rule xebec_concatenate_beta_div_effect_sizes:
    input: results/beta_div/non_phylo/braycurtis/effect_sizes.tsv, results/beta_div/non_phylo/jaccard/effect_sizes.tsv, results/beta_div/non_phylo/rpca/effect_sizes.tsv, results/beta_div/phylo/unweighted_unifrac/effect_sizes.tsv, results/beta_div/phylo/weighted_normalized_unifrac/effect_sizes.tsv, results/beta_div/phylo/phylo_rpca/effect_sizes.tsv
    output: results/beta_div/all_metrics_effect_sizes.tsv
    log: logs/concatenate_beta_div_effect_sizes.log
    jobid: 23
    reason: Missing output files: results/beta_div/all_metrics_effect_sizes.tsv; Input files updated by another job: results/beta_div/phylo/phylo_rpca/effect_sizes.tsv, results/beta_div/non_phylo/braycurtis/effect_sizes.tsv, results/beta_div/non_phylo/jaccard/effect_sizes.tsv, results/beta_div/phylo/weighted_normalized_unifrac/effect_sizes.tsv, results/beta_div/non_phylo/rpca/effect_sizes.tsv, results/beta_div/phylo/unweighted_unifrac/effect_sizes.tsv
    resources: tmpdir=/var/folders/gg/tjf8z7kd7351mxr7fbw1s6j00000gp/T

[Sat Nov  2 19:45:55 2024]
Finished job 23.
40 of 44 steps (91%) done
Select jobs to execute...

[Sat Nov  2 19:45:55 2024]
rule xebec_concatenate_beta_div_pairwise_effect_sizes:
    input: results/beta_div/non_phylo/braycurtis/pairwise_effect_sizes.tsv, results/beta_div/non_phylo/jaccard/pairwise_effect_sizes.tsv, results/beta_div/non_phylo/rpca/pairwise_effect_sizes.tsv, results/beta_div/phylo/unweighted_unifrac/pairwise_effect_sizes.tsv, results/beta_div/phylo/weighted_normalized_unifrac/pairwise_effect_sizes.tsv, results/beta_div/phylo/phylo_rpca/pairwise_effect_sizes.tsv
    output: results/beta_div/all_metrics_pairwise_effect_sizes.tsv
    log: logs/concatenate_beta_div_pairwise_effect_sizes.log
    jobid: 37
    reason: Missing output files: results/beta_div/all_metrics_pairwise_effect_sizes.tsv; Input files updated by another job: results/beta_div/phylo/weighted_normalized_unifrac/pairwise_effect_sizes.tsv, results/beta_div/phylo/phylo_rpca/pairwise_effect_sizes.tsv, results/beta_div/non_phylo/rpca/pairwise_effect_sizes.tsv, results/beta_div/non_phylo/jaccard/pairwise_effect_sizes.tsv, results/beta_div/non_phylo/braycurtis/pairwise_effect_sizes.tsv, results/beta_div/phylo/unweighted_unifrac/pairwise_effect_sizes.tsv
    resources: tmpdir=/var/folders/gg/tjf8z7kd7351mxr7fbw1s6j00000gp/T

[Sat Nov  2 19:45:56 2024]
Finished job 37.
41 of 44 steps (93%) done
Select jobs to execute...

[Sat Nov  2 19:45:56 2024]
rule xebec_plot_pairwise_effect_sizes:
    input: results/beta_div/all_metrics_pairwise_effect_sizes.tsv
    output: results/beta_div/pairwise_effect_size_plot.html
    log: logs/plot_beta_div_pairwise_effect_sizes.log
    jobid: 36
    reason: Missing output files: results/beta_div/pairwise_effect_size_plot.html; Input files updated by another job: results/beta_div/all_metrics_pairwise_effect_sizes.tsv
    wildcards: diversity_type=beta_div
    resources: tmpdir=/var/folders/gg/tjf8z7kd7351mxr7fbw1s6j00000gp/T

[Sat Nov  2 19:45:58 2024]
Finished job 36.
42 of 44 steps (95%) done
Select jobs to execute...

[Sat Nov  2 19:45:58 2024]
rule xebec_plot_effect_sizes:
    input: results/beta_div/all_metrics_effect_sizes.tsv
    output: results/beta_div/effect_size_plot.html
    log: logs/plot_beta_div_effect_sizes.log
    jobid: 22
    reason: Missing output files: results/beta_div/effect_size_plot.html; Input files updated by another job: results/beta_div/all_metrics_effect_sizes.tsv
    wildcards: diversity_type=beta_div
    resources: tmpdir=/var/folders/gg/tjf8z7kd7351mxr7fbw1s6j00000gp/T

[Sat Nov  2 19:46:01 2024]
Finished job 22.
43 of 44 steps (98%) done
Select jobs to execute...

[Sat Nov  2 19:46:01 2024]
localrule xebec_all:
    input: results/alpha_div/effect_size_plot.html, results/alpha_div/pairwise_effect_size_plot.html, results/beta_div/effect_size_plot.html, results/beta_div/pairwise_effect_size_plot.html
    jobid: 0
    reason: Input files updated by another job: results/alpha_div/pairwise_effect_size_plot.html, results/beta_div/pairwise_effect_size_plot.html, results/alpha_div/effect_size_plot.html, results/beta_div/effect_size_plot.html
    resources: tmpdir=/var/folders/gg/tjf8z7kd7351mxr7fbw1s6j00000gp/T

[Sat Nov  2 19:46:01 2024]
Finished job 0.
44 of 44 steps (100%) done
Complete log: .snakemake/log/2024-11-02T194356.036188.snakemake.log
