*** STEP 1: Converting biom files to qza ***
Imported ../tables/16S_MERGED-Avg-tbl_metaB-matched_relative_Acne_L.biom as BIOMV210DirFmt to ../tables/16S_MERGED-Avg-tbl_metaB-matched_relative_Acne_L.qza
Imported ../tables/metaB_MERGED-Avg-tbl_matched_relative_Acne_L.biom as BIOMV210DirFmt to ../tables/metaB_MERGED-Avg-tbl_matched_relative_Acne_L.qza
*** STEP 2: Checking qza files ***
UUID:        62dee033-0f4b-43c1-8116-5d2e04b93139
Type:        FeatureTable[Frequency]
Data format: BIOMV210DirFmt
UUID:        b8fb76db-d5b9-46c1-b873-ae5c3c2aae14
Type:        FeatureTable[Frequency]
Data format: BIOMV210DirFmt
*** STEP 3: Running mmvec paired omics ***
Saved FeatureData[Conditional] to: ../outputs/Acne_L/conditionals.qza
Saved PCoAResults % Properties('biplot') to: ../outputs/Acne_L/conditional_biplot.qza
Saved SampleData[MMvecStats] to: ../outputs/Acne_L/model_stats.qza
*** STEP 4: Checking mmvec outputs ***
UUID:        2b258a60-dc9d-4867-88ae-896b77db082d
Type:        FeatureData[Conditional]
Data format: ConditionalDirFmt
UUID:        7e25aa37-38e1-4dfd-b84c-0a385ab0cd53
Type:        PCoAResults % Properties('biplot')
Data format: OrdinationDirectoryFormat
*** STEP 5: Running qiime metadata tabulate ***
Saved Visualization to: ../outputs/Acne_L/conditionals-viz.qzv
*** STEP 6: Generate model convergence summaries ***
Saved Visualization to: ../outputs/Acne_L/model-summary.qzv
*** STEP 7: Generating ranks file ***
Saved Visualization to: ../outputs/Acne_L/heatmap-ranks.qzv
*** STEP 8: Running emperor biplot ***
Saved Visualization to: ../outputs/Acne_L/emperor-biplot.qzv
*** STEP 9: Export MMVEC conditionals output to tsv ***
Exported ../outputs/Acne_L/conditionals.qza as ConditionalDirFmt to directory ../outputs/Acne_L/exported_conditionals
*** Finished ***
