*** STEP 1: Converting biom files to qza ***
Imported ../tables/16S_MERGED-Avg-tbl_metaB-matched_relative_Healthy.biom as BIOMV210DirFmt to ../tables/16S_MERGED-Avg-tbl_metaB-matched_relative_Healthy.qza
Imported ../tables/metaB_MERGED-Avg-tbl_matched_relative_Healthy.biom as BIOMV210DirFmt to ../tables/metaB_MERGED-Avg-tbl_matched_relative_Healthy.qza
*** STEP 2: Checking qza files ***
UUID:        76ce7432-03f1-4d78-bb21-3e1268bdc03f
Type:        FeatureTable[Frequency]
Data format: BIOMV210DirFmt
UUID:        1f61b3b4-eb14-4b8f-8a74-617a3462935e
Type:        FeatureTable[Frequency]
Data format: BIOMV210DirFmt
*** STEP 3: Running mmvec paired omics ***
Saved FeatureData[Conditional] to: ../outputs/Healthy/conditionals.qza
Saved PCoAResults % Properties('biplot') to: ../outputs/Healthy/conditional_biplot.qza
Saved SampleData[MMvecStats] to: ../outputs/Healthy/model_stats.qza
*** STEP 4: Checking mmvec outputs ***
UUID:        469355eb-d433-44a3-a66d-4515201c745c
Type:        FeatureData[Conditional]
Data format: ConditionalDirFmt
UUID:        c088bfd6-e5ac-48ed-ab4e-5b93c006553f
Type:        PCoAResults % Properties('biplot')
Data format: OrdinationDirectoryFormat
*** STEP 5: Running qiime metadata tabulate ***
Saved Visualization to: ../outputs/Healthy/conditionals-viz.qzv
*** STEP 6: Generate model convergence summaries ***
Saved Visualization to: ../outputs/Healthy/model-summary.qzv
*** STEP 7: Generating ranks file ***
Saved Visualization to: ../outputs/Healthy/heatmap-ranks.qzv
*** STEP 8: Running emperor biplot ***
Saved Visualization to: ../outputs/Healthy/emperor-biplot.qzv
*** STEP 9: Export MMVEC conditionals output to tsv ***
Exported ../outputs/Healthy/conditionals.qza as ConditionalDirFmt to directory ../outputs/Healthy/exported_conditionals
*** Finished ***
