*** STEP 1: Converting biom files to qza ***
Imported ../tables/16S_MERGED-Avg-tbl_metaB-matched_relative_Acne_NL.biom as BIOMV210DirFmt to ../tables/16S_MERGED-Avg-tbl_metaB-matched_relative_Acne_NL.qza
Imported ../tables/metaB_MERGED-Avg-tbl_matched_relative_Acne_NL.biom as BIOMV210DirFmt to ../tables/metaB_MERGED-Avg-tbl_matched_relative_Acne_NL.qza
*** STEP 2: Checking qza files ***
UUID:        7592fba6-e4d5-4657-95af-aa053be3fd8c
Type:        FeatureTable[Frequency]
Data format: BIOMV210DirFmt
UUID:        312131ca-4ee1-4f5c-ad4b-5d840aca48a1
Type:        FeatureTable[Frequency]
Data format: BIOMV210DirFmt
*** STEP 3: Running mmvec paired omics ***
Saved FeatureData[Conditional] to: ../outputs/Acne_NL/conditionals.qza
Saved PCoAResults % Properties('biplot') to: ../outputs/Acne_NL/conditional_biplot.qza
Saved SampleData[MMvecStats] to: ../outputs/Acne_NL/model_stats.qza
*** STEP 4: Checking mmvec outputs ***
UUID:        70eef08f-9774-4b90-8fdb-772152ab30ce
Type:        FeatureData[Conditional]
Data format: ConditionalDirFmt
UUID:        6a0aa732-bb4a-4120-8488-d3d42603fa1a
Type:        PCoAResults % Properties('biplot')
Data format: OrdinationDirectoryFormat
*** STEP 5: Running qiime metadata tabulate ***
Saved Visualization to: ../outputs/Acne_NL/conditionals-viz.qzv
*** STEP 6: Generate model convergence summaries ***
Saved Visualization to: ../outputs/Acne_NL/model-summary.qzv
*** STEP 7: Generating ranks file ***
Saved Visualization to: ../outputs/Acne_NL/heatmap-ranks.qzv
*** STEP 8: Running emperor biplot ***
Saved Visualization to: ../outputs/Acne_NL/emperor-biplot.qzv
*** Finished ***
