*** STEP 1: Converting biom files to qza ***
Imported ../tables/16S_MERGED-Avg-tbl_metaB-matched_relative_Acne_L.biom as BIOMV210DirFmt to ../tables/16S_MERGED-Avg-tbl_metaB-matched_relative_Acne_L.qza
Imported ../tables/metaB_MERGED-Avg-tbl_matched_relative_Acne_L.biom as BIOMV210DirFmt to ../tables/metaB_MERGED-Avg-tbl_matched_relative_Acne_L.qza
*** STEP 2: Checking qza files ***
UUID:        991e27c4-fcbc-454f-b7bc-52536fd6dae2
Type:        FeatureTable[Frequency]
Data format: BIOMV210DirFmt
UUID:        7265d894-42ee-4e13-aebe-fc0f16a42e47
Type:        FeatureTable[Frequency]
Data format: BIOMV210DirFmt
*** STEP 3: Running mmvec paired omics ***
Saved FeatureData[Conditional] to: ../outputs/Acne_L/conditionals.qza
Saved PCoAResults % Properties('biplot') to: ../outputs/Acne_L/conditional_biplot.qza
Saved SampleData[MMvecStats] to: ../outputs/Acne_L/model_stats.qza
*** STEP 4: Checking mmvec outputs ***
UUID:        ae5a6c0b-fc8b-4d2e-ae2d-2034c67fc940
Type:        FeatureData[Conditional]
Data format: ConditionalDirFmt
UUID:        de3d5826-0b3a-456d-8fcb-74493fa8b498
Type:        PCoAResults % Properties('biplot')
Data format: OrdinationDirectoryFormat
*** STEP 5: Running qiime metadata tabulate ***
Saved Visualization to: ../outputs/Acne_L/conditionals-viz.qzv
*** STEP 6: Generate model convergence summaries ***
Saved Visualization to: ../outputs/Acne_L/model-summary.qzv
*** STEP 7: Generating ranks file ***
Saved Visualization to: ../outputs/Acne_L/heatmap-ranks.qzv
*** STEP 8: Running emperor biplot ***
Saved Visualization to: ../outputs/Acne_L/emperor-biplot.qzv
*** Finished ***
