[2024-11-02 19:44:34,097 - xebec_filter_metadata] :: Original metadata shape: (384, 50)
[2024-11-02 19:44:34,097 - xebec_filter_metadata] :: Adding sample depth column to metadata...
[2024-11-02 19:44:34,160 - xebec_filter_metadata] :: Dropping day because it does not have a valid number of levels (14).
[2024-11-02 19:44:34,161 - xebec_filter_metadata] :: Dropping title because it does not have a valid number of levels (1).
[2024-11-02 19:44:34,166 - xebec_filter_metadata] :: Dropping latitude because it is not of dtype 'object'.
[2024-11-02 19:44:34,166 - xebec_filter_metadata] :: Dropping taxon_id because it is not of dtype 'object'.
[2024-11-02 19:44:34,167 - xebec_filter_metadata] :: Dropping env_biome because it does not have a valid number of levels (1).
[2024-11-02 19:44:34,167 - xebec_filter_metadata] :: Dropping longitude because it is not of dtype 'object'.
[2024-11-02 19:44:34,167 - xebec_filter_metadata] :: Dropping description because it does not have a valid number of levels (348).
[2024-11-02 19:44:34,171 - xebec_filter_metadata] :: Dropping dna_extracted because it is not of dtype 'object'.
[2024-11-02 19:44:34,173 - xebec_filter_metadata] :: Dropping host_subject_id because it does not have a valid number of levels (87).
[2024-11-02 19:44:34,177 - xebec_filter_metadata] :: Dropping skincam_a_cheek_left because it does not have a valid number of levels (126).
[2024-11-02 19:44:34,177 - xebec_filter_metadata] :: Dropping katharoseq_cell_count because it does not have a valid number of levels (9).
[2024-11-02 19:44:34,177 - xebec_filter_metadata] :: Dropping skincam_a_cheek_right because it does not have a valid number of levels (119).
[2024-11-02 19:44:34,178 - xebec_filter_metadata] :: Dropping physical_specimen_location because it does not have a valid number of levels (1).
[2024-11-02 19:44:34,178 - xebec_filter_metadata] :: Dropping planned_study_day_of_visit because it does not have a valid number of levels (14).
[2024-11-02 19:44:34,178 - xebec_filter_metadata] :: Dropping physical_specimen_remaining because it is not of dtype 'object'.
[2024-11-02 19:44:34,180 - xebec_filter_metadata] :: Dropping subject_randomization_number because it does not have a valid number of levels (21).
[2024-11-02 19:44:34,180 - xebec_filter_metadata] :: Dropping skin_ph_meter_ph_mean_forehead_right because it does not have a valid number of levels (118).
[2024-11-02 19:44:34,180 - xebec_filter_metadata] :: Dropping sebumeter_casual_level_mean_forehead_left because it does not have a valid number of levels (100).
[2024-11-02 19:44:34,181 - xebec_filter_metadata] :: Dropping visual_assessment_on_photography_acne_severity_cheek_left because it does not have a valid number of levels (8).
[2024-11-02 19:44:34,181 - xebec_filter_metadata] :: Dropping visual_assessment_on_photography_acne_severity_cheek_right because it does not have a valid number of levels (8).
[2024-11-02 19:44:34,181 - xebec_filter_metadata] :: Dropping visual_assessment_in_vivo_number_of_inflammatory_lesions_face because it does not have a valid number of levels (26).
[2024-11-02 19:44:34,181 - xebec_filter_metadata] :: Dropping visual_assessment_in_vivo_number_of_non_inflammatory_lesions_face because it does not have a valid number of levels (32).
[2024-11-02 19:44:34,182 - xebec_filter_metadata] :: Dropping visual_assessment_in_vivo_number_of_inflammatory_lesions_cheek_left because it does not have a valid number of levels (15).
[2024-11-02 19:44:34,182 - xebec_filter_metadata] :: Dropping visual_assessment_in_vivo_number_of_inflammatory_lesions_cheek_right because it does not have a valid number of levels (15).
[2024-11-02 19:44:34,182 - xebec_filter_metadata] :: Dropping visual_assessment_in_vivo_number_of_non_inflammatory_lesions_cheek_left because it does not have a valid number of levels (23).
[2024-11-02 19:44:34,183 - xebec_filter_metadata] :: Dropping visual_assessment_in_vivo_number_of_non_inflammatory_lesions_cheek_right because it does not have a valid number of levels (23).
[2024-11-02 19:44:34,183 - xebec_filter_metadata] :: Dropping qiita_study_id because it is not of dtype 'object'.
[2024-11-02 19:44:34,185 - xebec_filter_metadata] :: Filtered metadata shape: (348, 24)
[2024-11-02 19:44:34,211 - xebec_filter_metadata] :: 
                                 zone c_zone           empo_1                        empo_2               empo_3  ... collection_timestamp katharoseq_plate_number katharoseq_aliquot_volume_ul katharoseq_batch_information xebec_sampling_depth
sample_name                                                                                                       ...                                                                                                                            
14901.LAMI.RD304.D16.C1      Lesional     C1  Host-associated  Host-associated (non-saline)  Animal (non-saline)  ...                 2023          not applicable               not applicable               not applicable                   q4
14901.LAMI.RD306.D18.C1      Lesional     C1  Host-associated  Host-associated (non-saline)  Animal (non-saline)  ...                 2023          not applicable               not applicable               not applicable                   q2
14901.LAMI.RD314.D0.C3   Non-lesional     C3  Host-associated  Host-associated (non-saline)  Animal (non-saline)  ...                 2023          not applicable               not applicable               not applicable                   q4
14901.LAMI.RD306.D14.C3  Non-lesional     C3  Host-associated  Host-associated (non-saline)  Animal (non-saline)  ...                 2023          not applicable               not applicable               not applicable                   q1
14901.LAMI.RD310.D18.C2      Lesional     C2  Host-associated  Host-associated (non-saline)  Animal (non-saline)  ...                 2023          not applicable               not applicable               not applicable                   q3

[5 rows x 24 columns]
[2024-11-02 19:44:34,211 - xebec_filter_metadata] :: 
zone
Lesional          147
not applicable    105
Non-lesional       96
Name: count, dtype: int64
[2024-11-02 19:44:34,212 - xebec_filter_metadata] :: 
c_zone
not applicable    105
C1                 99
C2                 97
C3                 47
Name: count, dtype: int64
[2024-11-02 19:44:34,212 - xebec_filter_metadata] :: 
empo_1
Host-associated    243
Control             79
Free-living         26
Name: count, dtype: int64
[2024-11-02 19:44:34,213 - xebec_filter_metadata] :: 
empo_2
Host-associated (non-saline)    243
Negative                         50
Positive                         29
Free-living (non-saline)         26
Name: count, dtype: int64
[2024-11-02 19:44:34,214 - xebec_filter_metadata] :: 
empo_3
Animal (non-saline)    243
Sterile water blank     50
Single strain           29
Solid (non-saline)      26
Name: count, dtype: int64
[2024-11-02 19:44:34,214 - xebec_filter_metadata] :: 
empo_4
Animal surface (non-saline)    243
Sterile water blank             50
Single strain                   29
Surface (non-saline)            26
Name: count, dtype: int64
[2024-11-02 19:44:34,215 - xebec_filter_metadata] :: 
country
France              282
USA:CA:San Diego     66
Name: count, dtype: int64
[2024-11-02 19:44:34,215 - xebec_filter_metadata] :: 
elevation
78              269
193              66
not provided     13
Name: count, dtype: int64
[2024-11-02 19:44:34,216 - xebec_filter_metadata] :: 
env_feature
human-associated habitat    243
research facility           105
Name: count, dtype: int64
[2024-11-02 19:44:34,217 - xebec_filter_metadata] :: 
env_package
human-skin          243
misc environment    105
Name: count, dtype: int64
[2024-11-02 19:44:34,217 - xebec_filter_metadata] :: 
sample_type
skin                  243
control blank          37
control katharoseq     29
cosmetic               26
control                13
Name: count, dtype: int64
[2024-11-02 19:44:34,218 - xebec_filter_metadata] :: 
env_material
sebum material                          243
sterile water                            50
cell culture                             29
anthropogenic environmental material     26
Name: count, dtype: int64
[2024-11-02 19:44:34,219 - xebec_filter_metadata] :: 
geo_loc_name
France              282
USA:CA:San Diego     66
Name: count, dtype: int64
[2024-11-02 19:44:34,219 - xebec_filter_metadata] :: 
surface_area
4                 243
not applicable    105
Name: count, dtype: int64
[2024-11-02 19:44:34,220 - xebec_filter_metadata] :: 
collection_date
2023          282
2023-04-25     66
Name: count, dtype: int64
[2024-11-02 19:44:34,221 - xebec_filter_metadata] :: 
scientific_name
human skin metagenome    243
metagenome                76
Lysobacter sp. OAE881     29
Name: count, dtype: int64
[2024-11-02 19:44:34,221 - xebec_filter_metadata] :: 
katharoseq_strain
not applicable           319
Lysobacter sp. OAE881     29
Name: count, dtype: int64
[2024-11-02 19:44:34,222 - xebec_filter_metadata] :: 
qiita_sample_type
skin of face        243
control blank        37
control positive     29
cosmetic cream       26
control              13
Name: count, dtype: int64
[2024-11-02 19:44:34,223 - xebec_filter_metadata] :: 
surface_area_units
sq cm             243
not applicable    105
Name: count, dtype: int64
[2024-11-02 19:44:34,223 - xebec_filter_metadata] :: 
collection_timestamp
2023          282
2023-04-25     66
Name: count, dtype: int64
[2024-11-02 19:44:34,224 - xebec_filter_metadata] :: 
katharoseq_plate_number
not applicable    319
5                  29
Name: count, dtype: int64
[2024-11-02 19:44:34,224 - xebec_filter_metadata] :: 
katharoseq_aliquot_volume_ul
not applicable    319
200                29
Name: count, dtype: int64
[2024-11-02 19:44:34,225 - xebec_filter_metadata] :: 
katharoseq_batch_information
not applicable                                                                   319
12/16/2022, 0.5B lysobacter cells in 50mL of 1xDPBS+0.5uM CCCP + 25% glycerol     29
Name: count, dtype: int64
[2024-11-02 19:44:34,225 - xebec_filter_metadata] :: 
xebec_sampling_depth
q4    88
q2    87
q1    87
q3    86
Name: count, dtype: int64
